c:\users\acer\documents\github\courier\courier\x64\debug\vc141.pdb
c:\users\acer\documents\github\courier\courier\x64\debug\vc141.idb
c:\users\acer\documents\github\courier\courier\x64\debug\main.obj
c:\users\acer\documents\github\courier\courier\x64\debug\package.obj
c:\users\acer\documents\github\courier\courier\x64\debug\warehouse.obj
c:\users\acer\documents\github\courier\courier\x64\debug\car.obj
c:\users\acer\documents\github\courier\courier\x64\debug\company.obj
c:\users\acer\documents\github\courier\courier\x64\debug\randomize.obj
c:\users\acer\documents\github\courier\courier\x64\debug\simulator.obj
c:\users\acer\documents\github\courier\x64\debug\courier.pdb
c:\users\acer\documents\github\courier\courier\x64\debug\courier.tlog\cl.command.1.tlog
c:\users\acer\documents\github\courier\courier\x64\debug\courier.tlog\cl.read.1.tlog
c:\users\acer\documents\github\courier\courier\x64\debug\courier.tlog\cl.write.1.tlog
c:\users\acer\documents\github\courier\courier\x64\debug\courier.tlog\link-cvtres.read.1.tlog
c:\users\acer\documents\github\courier\courier\x64\debug\courier.tlog\link-cvtres.write.1.tlog
c:\users\acer\documents\github\courier\courier\x64\debug\courier.tlog\link-rc.read.1.tlog
c:\users\acer\documents\github\courier\courier\x64\debug\courier.tlog\link-rc.write.1.tlog
c:\users\acer\documents\github\courier\courier\x64\debug\courier.tlog\link.976-cvtres.read.1.tlog
c:\users\acer\documents\github\courier\courier\x64\debug\courier.tlog\link.976-cvtres.write.1.tlog
c:\users\acer\documents\github\courier\courier\x64\debug\courier.tlog\link.976-rc.read.1.tlog
c:\users\acer\documents\github\courier\courier\x64\debug\courier.tlog\link.976-rc.write.1.tlog
c:\users\acer\documents\github\courier\courier\x64\debug\courier.tlog\link.976.read.1.tlog
c:\users\acer\documents\github\courier\courier\x64\debug\courier.tlog\link.976.write.1.tlog
c:\users\acer\documents\github\courier\courier\x64\debug\courier.tlog\link.command.1.tlog
c:\users\acer\documents\github\courier\courier\x64\debug\courier.tlog\link.read.1.tlog
c:\users\acer\documents\github\courier\courier\x64\debug\courier.tlog\link.write.1.tlog
