  main.cpp
c:\program files (x86)\microsoft visual studio\2017\community\vc\tools\msvc\14.11.25503\include\memory(1997): error C2027: use of undefined type 'Company'
  c:\users\arton\desktop\courier\courier\simulator.hpp(4): note: see declaration of 'Company'
  c:\program files (x86)\microsoft visual studio\2017\community\vc\tools\msvc\14.11.25503\include\memory(1996): note: while compiling class template member function 'void std::default_delete<_Ty>::operator ()(_Ty *) noexcept const'
          with
          [
              _Ty=Company
          ]
  c:\program files (x86)\microsoft visual studio\2017\community\vc\tools\msvc\14.11.25503\include\memory(2203): note: see reference to function template instantiation 'void std::default_delete<_Ty>::operator ()(_Ty *) noexcept const' being compiled
          with
          [
              _Ty=Company
          ]
  c:\program files (x86)\microsoft visual studio\2017\community\vc\tools\msvc\14.11.25503\include\memory(2047): note: see reference to class template instantiation 'std::default_delete<_Ty>' being compiled
          with
          [
              _Ty=Company
          ]
  c:\program files (x86)\microsoft visual studio\2017\community\vc\tools\msvc\14.11.25503\include\memory(2090): note: see reference to class template instantiation 'std::_Unique_ptr_base<_Ty,_Dx>' being compiled
          with
          [
              _Ty=Company,
              _Dx=std::default_delete<Company>
          ]
  c:\users\arton\desktop\courier\courier\simulator.hpp(7): note: see reference to class template instantiation 'std::unique_ptr<Company,std::default_delete<_Ty>>' being compiled
          with
          [
              _Ty=Company
          ]
c:\program files (x86)\microsoft visual studio\2017\community\vc\tools\msvc\14.11.25503\include\memory(1998): error C2338: can't delete an incomplete type
c:\program files (x86)\microsoft visual studio\2017\community\vc\tools\msvc\14.11.25503\include\memory(1999): warning C4150: deletion of pointer to incomplete type 'Company'; no destructor called
  c:\users\arton\desktop\courier\courier\simulator.hpp(4): note: see declaration of 'Company'
  Warehouse.cpp
c:\program files (x86)\microsoft visual studio\2017\community\vc\tools\msvc\14.11.25503\include\vector(1776): error C2036: 'Car *const ': unknown size
  c:\program files (x86)\microsoft visual studio\2017\community\vc\tools\msvc\14.11.25503\include\vector(1775): note: while compiling class template member function 'unsigned __int64 std::vector<Car,std::allocator<_Ty>>::capacity(void) noexcept const'
          with
          [
              _Ty=Car
          ]
  c:\program files (x86)\microsoft visual studio\2017\community\vc\tools\msvc\14.11.25503\include\vector(2007): note: see reference to function template instantiation 'unsigned __int64 std::vector<Car,std::allocator<_Ty>>::capacity(void) noexcept const' being compiled
          with
          [
              _Ty=Car
          ]
  c:\users\arton\desktop\courier\courier\warehouse.hpp(9): note: see reference to class template instantiation 'std::vector<Car,std::allocator<_Ty>>' being compiled
          with
          [
              _Ty=Car
          ]
  Simulator.cpp
c:\program files (x86)\microsoft visual studio\2017\community\vc\tools\msvc\14.11.25503\include\vector(1776): error C2036: 'Warehouse *const ': unknown size
  c:\program files (x86)\microsoft visual studio\2017\community\vc\tools\msvc\14.11.25503\include\vector(1775): note: while compiling class template member function 'unsigned __int64 std::vector<Warehouse,std::allocator<_Ty>>::capacity(void) noexcept const'
          with
          [
              _Ty=Warehouse
          ]
  c:\program files (x86)\microsoft visual studio\2017\community\vc\tools\msvc\14.11.25503\include\vector(2007): note: see reference to function template instantiation 'unsigned __int64 std::vector<Warehouse,std::allocator<_Ty>>::capacity(void) noexcept const' being compiled
          with
          [
              _Ty=Warehouse
          ]
  c:\users\arton\desktop\courier\courier\company.hpp(7): note: see reference to class template instantiation 'std::vector<Warehouse,std::allocator<_Ty>>' being compiled
          with
          [
              _Ty=Warehouse
          ]
  Company.cpp
c:\program files (x86)\microsoft visual studio\2017\community\vc\tools\msvc\14.11.25503\include\vector(1776): error C2036: 'Warehouse *const ': unknown size
  c:\program files (x86)\microsoft visual studio\2017\community\vc\tools\msvc\14.11.25503\include\vector(1775): note: while compiling class template member function 'unsigned __int64 std::vector<Warehouse,std::allocator<_Ty>>::capacity(void) noexcept const'
          with
          [
              _Ty=Warehouse
          ]
  c:\program files (x86)\microsoft visual studio\2017\community\vc\tools\msvc\14.11.25503\include\vector(2007): note: see reference to function template instantiation 'unsigned __int64 std::vector<Warehouse,std::allocator<_Ty>>::capacity(void) noexcept const' being compiled
          with
          [
              _Ty=Warehouse
          ]
  c:\users\arton\desktop\courier\courier\company.hpp(7): note: see reference to class template instantiation 'std::vector<Warehouse,std::allocator<_Ty>>' being compiled
          with
          [
              _Ty=Warehouse
          ]
  Generating Code...
